2018-03-28 17:56:48 INFO  Server:75 - get xml<?xml version="1.0" encoding="UTF-8" standalone="yes"?>
2018-03-28 18:02:29 INFO  Server:75 - get xml<?xml version="1.0" encoding="UTF-8" standalone="yes"?>
2018-03-28 18:06:20 INFO  Server:75 - get xml<?xml version="1.0" encoding="UTF-8" standalone="yes"?><socket>    <client login="1122" password="1122">        <id>0</id>    </client>    <action>oneMoreUser</action>    <code>0</code></socket>
2018-03-28 18:06:20 ERROR XMLParse:663 - 3 counts of IllegalAnnotationExceptions
2018-03-28 18:10:02 INFO  Server:75 - get xml<?xml version="1.0" encoding="UTF-8" standalone="yes"?>###<socket>###    <client login="1221" password="12">###        <id>0</id>###    </client>###    <action>oneMoreUser</action>###    <code>0</code>###</socket>###
2018-03-28 18:10:02 ERROR XMLParse:665 - 3 counts of IllegalAnnotationExceptions
2018-03-28 22:18:50 INFO  Server:76 - get xml<?xml version="1.0" encoding="UTF-8" standalone="yes"?>###<socket>###    <client login="21" password="1">###        <id>0</id>###    </client>###    <action>oneMoreUser</action>###    <code>0</code>###</socket>###
2018-03-28 22:18:50 ERROR XMLParse:663 - 3 counts of IllegalAnnotationExceptions
2018-03-28 22:32:31 INFO  Server:82 - get xml<?xmlversion="1.0"encoding="UTF-8"standalone="yes"?>
<socket>
<clientlogin="43"password="3">
<id>0</id>
</client>
<action>oneMoreUser</action>
<code>0</code>
</socket>

2018-03-28 22:32:31 ERROR XMLParse:663 - 3 counts of IllegalAnnotationExceptions
2018-03-28 22:36:23 INFO  Server:81 - get xml<?xml version="1.0" encoding="UTF-8" standalone="yes"?>
<socket>
    <client login="3" password="3">
        <id>0</id>
    </client>
    <action>oneMoreUser</action>
    <code>0</code>
</socket>

2018-03-28 22:36:23 ERROR XMLParse:663 - 3 counts of IllegalAnnotationExceptions
2018-03-28 22:45:42 INFO  Server:81 - get xml<?xml version="1.0" encoding="UTF-8" standalone="yes"?>
<socket>
    <client login="2" password="2">
        <id>0</id>
    </client>
    <action>oneMoreUser</action>
    <code>0</code>
</socket>

2018-03-28 22:45:42 ERROR XMLParse:663 - 3 counts of IllegalAnnotationExceptions
2018-03-28 23:27:33 INFO  Server:76 - get xml<?xml version="1.0" encoding="UTF-8" standalone="yes"?><socket>    <client login="6" password="6">        <session_id>0</session_id>    </client>    <action>oneMoreUser</action>    <code>0</code></socket>
2018-03-28 23:27:33 ERROR XMLParse:663 - 3 counts of IllegalAnnotationExceptions
2018-03-28 23:32:37 INFO  Server:76 - get xml<?xml version="1.0" encoding="UTF-8" standalone="yes"?><socket>    <client login="4" password="4">        <session_id>0</session_id>    </client>    <action>oneMoreUser</action>    <code>0</code></socket>
2018-03-28 23:32:37 INFO  XMLParse:68 - get xml<?xml version="1.0" encoding="UTF-8" standalone="yes"?><socket>    <client login="4" password="4">        <session_id>0</session_id>    </client>    <action>oneMoreUser</action>    <code>0</code></socket>
2018-03-28 23:32:37 INFO  XMLParse:674 - get xml<?xml version="1.0" encoding="UTF-8" standalone="yes"?><socket>    <client login="4" password="4">        <session_id>0</session_id>    </client>    <action>oneMoreUser</action>    <code>0</code></socket>
2018-03-28 23:32:37 ERROR XMLParse:663 - 3 counts of IllegalAnnotationExceptions
2018-03-28 23:41:45 INFO  Server:76 - get xml<?xml version="1.0" encoding="UTF-8" standalone="yes"?><socket>    <client login="5" password="5">        <session_id>0</session_id>    </client>    <action>oneMoreUser</action>    <code>0</code></socket>
2018-03-28 23:41:45 INFO  XMLParse:68 - get xml model<?xml version="1.0" encoding="UTF-8" standalone="yes"?><socket>    <client login="5" password="5">        <session_id>0</session_id>    </client>    <action>oneMoreUser</action>    <code>0</code></socket>
2018-03-28 23:41:45 INFO  XMLParse:171 - get xml model<?xml version="1.0" encoding="UTF-8" standalone="yes"?><socket>    <client login="5" password="5">        <session_id>0</session_id>    </client>    <action>oneMoreUser</action>    <code>0</code></socket>
2018-03-28 23:41:45 INFO  XMLParse:676 - get xml parse<?xml version="1.0" encoding="UTF-8" standalone="yes"?><socket>    <client login="5" password="5">        <session_id>0</session_id>    </client>    <action>oneMoreUser</action>    <code>0</code></socket>
2018-03-28 23:41:45 INFO  XMLParse:656 - get xml parse<?xml version="1.0" encoding="UTF-8" standalone="yes"?><socket>    <client login="5" password="5">        <session_id>0</session_id>    </client>    <action>oneMoreUser</action>    <code>0</code></socket>
2018-03-28 23:41:45 ERROR XMLParse:665 - 3 counts of IllegalAnnotationExceptions
2018-03-28 23:53:28 INFO  Server:76 - get xml<?xml version="1.0" encoding="UTF-8" standalone="yes"?><socket>    <client login="7" password="77">        <session_id>0</session_id>    </client>    <action>oneMoreUser</action>    <code>0</code></socket>
2018-03-28 23:53:28 INFO  XMLParse:68 - get xml model<?xml version="1.0" encoding="UTF-8" standalone="yes"?><socket>    <client login="7" password="77">        <session_id>0</session_id>    </client>    <action>oneMoreUser</action>    <code>0</code></socket>
2018-03-28 23:53:28 INFO  XMLParse:171 - get xml model<?xml version="1.0" encoding="UTF-8" standalone="yes"?><socket>    <client login="7" password="77">        <session_id>0</session_id>    </client>    <action>oneMoreUser</action>    <code>0</code></socket>
2018-03-28 23:53:28 INFO  XMLParse:686 - get xml parse<?xml version="1.0" encoding="UTF-8" standalone="yes"?><socket>    <client login="7" password="77">        <session_id>0</session_id>    </client>    <action>oneMoreUser</action>    <code>0</code></socket>
2018-03-28 23:53:28 INFO  XMLParse:666 - get xml parse<?xml version="1.0" encoding="UTF-8" standalone="yes"?><socket>    <client login="7" password="77">        <session_id>0</session_id>    </client>    <action>oneMoreUser</action>    <code>0</code></socket>
2018-03-28 23:53:28 ERROR XMLParse:675 - 3 counts of IllegalAnnotationExceptions
2018-03-29 00:08:59 INFO  Server:76 - get xml<?xml version="1.0" encoding="UTF-8" standalone="yes"?><socket>    <client login="6" password="6">        <session_id>0</session_id>    </client>    <action>oneMoreUser</action>    <code>0</code></socket>
2018-03-29 00:08:59 INFO  XMLParse:68 - get xml model<?xml version="1.0" encoding="UTF-8" standalone="yes"?><socket>    <client login="6" password="6">        <session_id>0</session_id>    </client>    <action>oneMoreUser</action>    <code>0</code></socket>
2018-03-29 00:08:59 INFO  XMLParse:171 - get xml model<?xml version="1.0" encoding="UTF-8" standalone="yes"?><socket>    <client login="6" password="6">        <session_id>0</session_id>    </client>    <action>oneMoreUser</action>    <code>0</code></socket>
2018-03-29 00:08:59 INFO  XMLParse:686 - get xml parse<?xml version="1.0" encoding="UTF-8" standalone="yes"?><socket>    <client login="6" password="6">        <session_id>0</session_id>    </client>    <action>oneMoreUser</action>    <code>0</code></socket>
2018-03-29 00:08:59 INFO  XMLParse:666 - get xml parse<?xml version="1.0" encoding="UTF-8" standalone="yes"?><socket>    <client login="6" password="6">        <session_id>0</session_id>    </client>    <action>oneMoreUser</action>    <code>0</code></socket>
2018-03-29 00:08:59 ERROR XMLParse:675 - 3 counts of IllegalAnnotationExceptions
2018-03-29 00:14:56 INFO  Server:76 - get xml<?xml version="1.0" encoding="UTF-8" standalone="yes"?><socket>    <client login="1" password="1">        <session_id>0</session_id>    </client>    <action>oneMoreUser</action>    <code>0</code></socket>
2018-03-29 00:14:56 INFO  XMLParse:68 - get xml model<?xml version="1.0" encoding="UTF-8" standalone="yes"?><socket>    <client login="1" password="1">        <session_id>0</session_id>    </client>    <action>oneMoreUser</action>    <code>0</code></socket>
2018-03-29 00:14:56 INFO  XMLParse:171 - get xml model<?xml version="1.0" encoding="UTF-8" standalone="yes"?><socket>    <client login="1" password="1">        <session_id>0</session_id>    </client>    <action>oneMoreUser</action>    <code>0</code></socket>
2018-03-29 00:14:56 INFO  XMLParse:686 - get xml parse<?xml version="1.0" encoding="UTF-8" standalone="yes"?><socket>    <client login="1" password="1">        <session_id>0</session_id>    </client>    <action>oneMoreUser</action>    <code>0</code></socket>
2018-03-29 00:14:56 INFO  XMLParse:666 - get xml parse<?xml version="1.0" encoding="UTF-8" standalone="yes"?><socket>    <client login="1" password="1">        <session_id>0</session_id>    </client>    <action>oneMoreUser</action>    <code>0</code></socket>
2018-03-29 00:14:56 ERROR XMLParse:675 - 3 counts of IllegalAnnotationExceptions
